
Gradient evaluation took 0.000815 seconds
1000 transitions using 10 leapfrog steps per transition would take 8.15 seconds.
Adjust your expectations accordingly!


IInformational Message: The current Metropolis proposal is about to be rejected because of the following issue:
Exception: cauchy_lpdf: Location parameter[5] is inf, but must be finite!  (in 'unknown file name' at line 40)

If this warning occurs sporadically, such as for highly constrained variable types like covariance matrices, then the sampler is fine,
but if this warning occurs often then your model may be either severely ill-conditioned or misspecified.
IInformational Message: The current Metropolis proposal is about to be rejected because of the following issue:
Exception: cauchy_lpdf: Location parameter[5] is inf, but must be finite!  (in 'unknown file name' at line 40)

If this warning occurs sporadically, such as for highly constrained variable types like covariance matrices, then the sampler is fine,
but if this warning occurs often then your model may be either severely ill-conditioned or misspecified.
IInformational Message: The current Metropolis proposal is about to be rejected because of the following issue:
Exception: cauchy_lpdf: Location parameter[5] is inf, but must be finite!  (in 'unknown file name' at line 40)

If this warning occurs sporadically, such as for highly constrained variable types like covariance matrices, then the sampler is fine,
but if this warning occurs often then your model may be either severely ill-conditioned or misspecified.
IInformational Message: The current Metropolis proposal is about to be rejected because of the following issue:
Exception: cauchy_lpdf: Location parameter[17] is inf, but must be finite!  (in 'unknown file name' at line 40)

If this warning occurs sporadically, such as for highly constrained variable types like covariance matrices, then the sampler is fine,
but if this warning occurs often then your model may be either severely ill-conditioned or misspecified.
IInformational Message: The current Metropolis proposal is about to be rejected because of the following issue:
Exception: cauchy_lpdf: Location parameter[230] is inf, but must be finite!  (in 'unknown file name' at line 40)

If this warning occurs sporadically, such as for highly constrained variable types like covariance matrices, then the sampler is fine,
but if this warning occurs often then your model may be either severely ill-conditioned or misspecified.
IIteration:    1 / 2000 [  0%]  (Warmup)IInformational Message: The current Metropolis proposal is about to be rejected because of the following issue:
Exception: cauchy_lpdf: Location parameter[1] is inf, but must be finite!  (in 'unknown file name' at line 40)

If this warning occurs sporadically, such as for highly constrained variable types like covariance matrices, then the sampler is fine,
but if this warning occurs often then your model may be either severely ill-conditioned or misspecified.
IInformational Message: The current Metropolis proposal is about to be rejected because of the following issue:
Exception: cauchy_lpdf: Location parameter[1] is inf, but must be finite!  (in 'unknown file name' at line 40)

If this warning occurs sporadically, such as for highly constrained variable types like covariance matrices, then the sampler is fine,
but if this warning occurs often then your model may be either severely ill-conditioned or misspecified.
IInformational Message: The current Metropolis proposal is about to be rejected because of the following issue:
Exception: cauchy_lpdf: Location parameter[230] is inf, but must be finite!  (in 'unknown file name' at line 40)

If this warning occurs sporadically, such as for highly constrained variable types like covariance matrices, then the sampler is fine,
but if this warning occurs often then your model may be either severely ill-conditioned or misspecified.
Iteration:  200 / 2000 [ 10%]  (Warmup)

Iteration:  400 / 2000 [ 20%]  (Warmup)
Iteration:  600 / 2000 [ 30%]  (Warmup)
Iteration:  800 / 2000 [ 40%]  (Warmup)
Iteration: 1000 / 2000 [ 50%]  (Warmup)
Iteration: 1001 / 2000 [ 50%]  (Sampling)
Iteration: 1200 / 2000 [ 60%]  (Sampling)
Iteration: 1400 / 2000 [ 70%]  (Sampling)
Iteration: 1600 / 2000 [ 80%]  (Sampling)
Iteration: 1800 / 2000 [ 90%]  (Sampling)
Iteration: 2000 / 2000 [100%]  (Sampling)

 Elapsed Time: 3786.74 seconds (Warm-up)
               2965.75 seconds (Sampling)
               6752.49 seconds (Total)

WARNING:pystan:Maximum (flat) parameter count (1000) exceeded: skipping diagnostic tests for n_eff and Rhat.
To run all diagnostics call pystan.check_hmc_diagnostics(fit)
WARNING:pystan:1000 of 1000 iterations saturated the maximum tree depth of 12 (100 %)
WARNING:pystan:Run again with max_treedepth larger than 12 to avoid saturation
seed: 5435887
