srun: warning: Multiple leaf switches contain nodes: gn[01-60]
Traceback (most recent call last):
  File "/ceph/hpc/home/viam/BAMF_MV/experiment_runner.py", line 68, in <module>
    tp.execute(
  File "/ceph/hpc/home/viam/BAMF_MV/analysis_codes/runners.py", line 171, in execute
    self.wait(check_timeout)
  File "/ceph/hpc/home/viam/BAMF_MV/analysis_codes/runners.py", line 229, in wait
    self.log(self.logfile)  # record the log into file
  File "/ceph/hpc/home/viam/BAMF_MV/analysis_codes/runners.py", line 238, in log
    self.table.to_hdf(filepath, key="runs")
  File "/ceph/hpc/home/viam/.conda/envs/bamfdev/lib/python3.9/site-packages/pandas/util/_decorators.py", line 333, in wrapper
    return func(*args, **kwargs)
  File "/ceph/hpc/home/viam/.conda/envs/bamfdev/lib/python3.9/site-packages/pandas/core/generic.py", line 2852, in to_hdf
    pytables.to_hdf(
  File "/ceph/hpc/home/viam/.conda/envs/bamfdev/lib/python3.9/site-packages/pandas/io/pytables.py", line 308, in to_hdf
    with HDFStore(
  File "/ceph/hpc/home/viam/.conda/envs/bamfdev/lib/python3.9/site-packages/pandas/io/pytables.py", line 585, in __init__
    self.open(mode=mode, **kwargs)
  File "/ceph/hpc/home/viam/.conda/envs/bamfdev/lib/python3.9/site-packages/pandas/io/pytables.py", line 745, in open
    self._handle = tables.open_file(self._path, self._mode, **kwargs)
  File "/ceph/hpc/home/viam/.conda/envs/bamfdev/lib/python3.9/site-packages/tables/file.py", line 294, in open_file
    return File(filename, mode, title, root_uep, filters, **kwargs)
  File "/ceph/hpc/home/viam/.conda/envs/bamfdev/lib/python3.9/site-packages/tables/file.py", line 744, in __init__
    self._g_new(filename, mode, **params)
  File "tables/hdf5extension.pyx", line 512, in tables.hdf5extension.File._g_new
tables.exceptions.HDF5ExtError: HDF5 error back trace

  File "H5F.c", line 620, in H5Fopen
    unable to open file
  File "H5VLcallback.c", line 3501, in H5VL_file_open
    failed to iterate over available VOL connector plugins
  File "H5PLpath.c", line 578, in H5PL__path_table_iterate
    can't iterate over plugins in plugin path '(null)'
  File "H5PLpath.c", line 620, in H5PL__path_table_iterate_process_path
    can't open directory: /ceph/hpc/home/viam/.conda/envs/bamfdev/lib/hdf5/plugin
  File "H5VLcallback.c", line 3351, in H5VL__file_open
    open failed
  File "H5VLnative_file.c", line 97, in H5VL__native_file_open
    unable to open file
  File "H5Fint.c", line 1898, in H5F_open
    unable to lock the file
  File "H5FD.c", line 1625, in H5FD_lock
    driver lock request failed
  File "H5FDsec2.c", line 1002, in H5FD__sec2_lock
    unable to lock file, errno = 11, error message = 'Resource temporarily unavailable'

End of HDF5 error back trace

Unable to open/create file 'results/run_info_eu2.h5'
srun: error: cn0336: task 1: Exited with exit code 1
srun: Job step aborted: Waiting up to 32 seconds for job step to finish.
slurmstepd: error: *** JOB 23453938 ON cn0336 CANCELLED AT 2024-04-11T10:47:27 ***
slurmstepd: error: *** STEP 23453938.0 ON cn0336 CANCELLED AT 2024-04-11T10:47:27 ***
